# JRE version: OpenJDK Runtime Environment (17.0.8+7) (build 17.0.8+7-LTS)
# Java VM: OpenJDK 64-Bit Server VM (17.0.8+7-LTS, mixed mode, sharing, tiered, compressed oops, compressed class ptrs, g1 gc, linux-amd64)
GC Precious Log:
 CPUs: 4 total, 4 available
 Memory: 15892M
 Large Page Support: Disabled
 NUMA Support: Disabled
 Compressed Oops: Enabled (Zero based)
 Heap Region Size: 2M
 Heap Min Capacity: 8M
 Heap Initial Capacity: 250M
 Heap Max Capacity: 3974M
 Pre-touch: Disabled
 Parallel Workers: 4
 Concurrent Workers: 1
 Concurrent Refinement Workers: 4
 Periodic GC: Disabled
Heap:
 garbage-first heap   total 53248K, used 17555K [0x0000000707a00000, 0x0000000800000000)
  region size 2048K, 9 young (18432K), 7 survivors (14336K)
 Metaspace       used 33989K, committed 34368K, reserved 1114112K
  class space    used 4391K, committed 4608K, reserved 1048576K
GC Heap History (8 events):
Event: 0,176 GC heap before
{Heap before GC invocations=0 (full 0):
 garbage-first heap   total 260096K, used 14356K [0x0000000707a00000, 0x0000000800000000)
  region size 2048K, 6 young (12288K), 0 survivors (0K)
 Metaspace       used 588K, committed 768K, reserved 1114112K
  class space    used 29K, committed 128K, reserved 1048576K
}
Event: 0,177 GC heap after
{Heap after GC invocations=1 (full 0):
 garbage-first heap   total 260096K, used 2881K [0x0000000707a00000, 0x0000000800000000)
  region size 2048K, 1 young (2048K), 1 survivors (2048K)
 Metaspace       used 588K, committed 768K, reserved 1114112K
  class space    used 29K, committed 128K, reserved 1048576K
}
Event: 0,998 GC heap before
{Heap before GC invocations=1 (full 0):
 garbage-first heap   total 260096K, used 33601K [0x0000000707a00000, 0x0000000800000000)
  region size 2048K, 17 young (34816K), 1 survivors (2048K)
 Metaspace       used 12797K, committed 13120K, reserved 1114112K
  class space    used 1558K, committed 1728K, reserved 1048576K
}
Event: 1,003 GC heap after
{Heap after GC invocations=2 (full 0):
 garbage-first heap   total 260096K, used 7037K [0x0000000707a00000, 0x0000000800000000)
  region size 2048K, 3 young (6144K), 3 survivors (6144K)
 Metaspace       used 12797K, committed 13120K, reserved 1114112K
  class space    used 1558K, committed 1728K, reserved 1048576K
}
Event: 1,420 GC heap before
{Heap before GC invocations=2 (full 0):
 garbage-first heap   total 260096K, used 29565K [0x0000000707a00000, 0x0000000800000000)
  region size 2048K, 15 young (30720K), 3 survivors (6144K)
 Metaspace       used 21276K, committed 21504K, reserved 1114112K
  class space    used 2578K, committed 2688K, reserved 1048576K
}
Event: 1,426 GC heap after
{Heap after GC invocations=3 (full 0):
 garbage-first heap   total 260096K, used 8754K [0x0000000707a00000, 0x0000000800000000)
  region size 2048K, 4 young (8192K), 4 survivors (8192K)
 Metaspace       used 21276K, committed 21504K, reserved 1114112K
  class space    used 2578K, committed 2688K, reserved 1048576K
}
Event: 6,326 GC heap before
{Heap before GC invocations=4 (full 0):
 garbage-first heap   total 49152K, used 33330K [0x0000000707a00000, 0x0000000800000000)
  region size 2048K, 17 young (34816K), 4 survivors (8192K)
 Metaspace       used 33347K, committed 33728K, reserved 1114112K
  class space    used 4278K, committed 4480K, reserved 1048576K
}
Event: 6,337 GC heap after
{Heap after GC invocations=5 (full 0):
 garbage-first heap   total 53248K, used 15507K [0x0000000707a00000, 0x0000000800000000)
  region size 2048K, 7 young (14336K), 7 survivors (14336K)
 Metaspace       used 33347K, committed 33728K, reserved 1114112K
  class space    used 4278K, committed 4480K, reserved 1048576K
}

